-------------------------------------------------------------------------------
Test set: com.spring.board.MyBatisTest
-------------------------------------------------------------------------------
Tests run: 1, Failures: 0, Errors: 1, Skipped: 0, Time elapsed: 0.038 sec <<< FAILURE! - in com.spring.board.MyBatisTest
MyBatisSessionTest(com.spring.board.MyBatisTest)  Time elapsed: 0.001 sec  <<< ERROR!
java.lang.IllegalStateException: Failed to load ApplicationContext
Caused by: org.springframework.beans.factory.BeanCreationException: Error creating bean with name 'sqlSessionFactory' defined in file [C:\repo\board\src\main\webapp\WEB-INF\spring\root-context.xml]: Invocation of init method failed; nested exception is org.springframework.core.NestedIOException: Failed to parse mapping resource: 'file [C:\repo\board\target\classes\mappers\boardMapper.xml]'; nested exception is org.apache.ibatis.builder.BuilderException: Error parsing Mapper XML. The XML location is 'file [C:\repo\board\target\classes\mappers\boardMapper.xml]'. Cause: java.lang.IllegalArgumentException: Mapped Statements collection already contains value for com.spring.board.boardMapper.getBoardList
Caused by: org.springframework.core.NestedIOException: Failed to parse mapping resource: 'file [C:\repo\board\target\classes\mappers\boardMapper.xml]'; nested exception is org.apache.ibatis.builder.BuilderException: Error parsing Mapper XML. The XML location is 'file [C:\repo\board\target\classes\mappers\boardMapper.xml]'. Cause: java.lang.IllegalArgumentException: Mapped Statements collection already contains value for com.spring.board.boardMapper.getBoardList
Caused by: org.apache.ibatis.builder.BuilderException: Error parsing Mapper XML. The XML location is 'file [C:\repo\board\target\classes\mappers\boardMapper.xml]'. Cause: java.lang.IllegalArgumentException: Mapped Statements collection already contains value for com.spring.board.boardMapper.getBoardList
Caused by: java.lang.IllegalArgumentException: Mapped Statements collection already contains value for com.spring.board.boardMapper.getBoardList

